#
# A fatal error has been detected by the Java Runtime Environment:
#
#  SIGSEGV (0xb) at pc=0x00000001050462c8, pid=620, tid=19203
#
# JRE version: Java(TM) SE Runtime Environment (8.0_77-b03) (build 1.8.0_77-b03)
# Java VM: Java HotSpot(TM) 64-Bit Server VM (25.77-b03 mixed mode bsd-amd64 compressed oops)
# Problematic frame:
# V  [libjvm.dylib+0x4462c8]
#
# Failed to write core dump. Core dumps have been disabled. To enable core dumping, try "ulimit -c unlimited" before starting Java again
#
# If you would like to submit a bug report, please visit:
#   http://bugreport.java.com/bugreport/crash.jsp
#

---------------  T H R E A D  ---------------

Current thread (0x00007fa6fd030800):  JavaThread "JDWP Transport Listener: dt_socket" daemon [_thread_in_vm, id=19203, stack(0x0000700000f47000,0x0000700001047000)]

siginfo: si_signo: 11 (SIGSEGV), si_code: 0 (unknown), si_addr: 0x0000000000000000

Registers:
RAX=0x0000000000000001, RBX=0x0000700001046a8b, RCX=0x0000000105415340, RDX=0x0000700001046a8b
RSP=0x00007000010469d0, RBP=0x00007000010469e0, RSI=0x00007fa6fd030800, RDI=0x00026f69622f6772
R8 =0x0000000000000001, R9 =0x00007fa6fca3ca30, R10=0x000000006821ba96, R11=0x00007fa6fca00000
R12=0x00007fa6fd030800, R13=0x00026f69622f6772, R14=0x00026f69622f6772, R15=0x00007fa6f9f026d0
RIP=0x00000001050462c8, EFLAGS=0x0000000000010206, ERR=0x0000000000000000
  TRAPNO=0x000000000000000d

Top of Stack: (sp=0x00007000010469d0)
0x00007000010469d0:   0000700001046a8b 0000700001046a8b
0x00007000010469e0:   0000700001046a40 0000000104f552fe
0x00007000010469f0:   00007fa6fd030800 0000000000000000
0x0000700001046a00:   0000000000000000 0000000000000000
0x0000700001046a10:   00007fa6fd030800 00007fa6fd030800
0x0000700001046a20:   0000700001046a8b 0000700001046a90
0x0000700001046a30:   00026f69622f6772 0000000000000003
0x0000700001046a40:   0000700001046a60 0000000103ad5780
0x0000700001046a50:   0000000000000001 0000700001046b08
0x0000700001046a60:   0000700001046ad0 0000000103aba1f3
0x0000700001046a70:   0000700001046aa0 00007fa6fca4f0b0
0x0000700001046a80:   0000000400000032 0000000100046b08
0x0000700001046a90:   0000000000000000 0000000000000000
0x0000700001046aa0:   0000000000000000 0000700001046c90
0x0000700001046ab0:   0000000103adce7a 00007fa6fca3b340
0x0000700001046ac0:   0000700001046b08 0000000103ae8598
0x0000700001046ad0:   0000700001046ae0 0000000103aba2ec
0x0000700001046ae0:   0000700001046d00 0000000103ac3898
0x0000700001046af0:   0000c7b200000013 00000000000f0200
0x0000700001046b00:   00007fa6fca4e400 0000700001046c61
0x0000700001046b10:   00007fa600000023 0000700001046b20
0x0000700001046b20:   0000000000000109 0000700001046b58
0x0000700001046b30:   0000000000000000 0000000000000000
0x0000700001046b40:   0000c7b20000000f 00007fff00003c80
0x0000700001046b50:   0000700001046b58 a67f000004000000
0x0000700001046b60:   0a00000040f6a4fc 706d457269447369
0x0000700001046b70:   4c28170000007974 6f696e2f6176616a
0x0000700001046b80:   61502f656c69662f 0000005a293b6874
0x0000700001046b90:   7f00000a00000000 00000040fad0f9a6
0x0000700001046ba0:   0000006461657204 2f6176616a4c283b
0x0000700001046bb0:   656c69662f6f696e 4c293b687461502f
0x0000700001046bc0:   6a6f69622f67726f 2f6f69622f617661 

Instructions: (pc=0x00000001050462c8)
0x00000001050462a8:   40 48 48 85 c0 75 e0 30 c0 0f b6 c0 5d c3 31 c0
0x00000001050462b8:   5d c3 55 48 89 e5 53 48 83 ec 08 48 85 ff 74 24
0x00000001050462c8:   48 8b 1f 48 85 db 74 1c 48 83 fb 37 74 16 48 8b
0x00000001050462d8:   03 48 89 df ff 50 10 84 c0 b8 00 00 00 00 48 0f 

Register to memory mapping:

RAX=0x0000000000000001 is an unknown value
RBX=0x0000700001046a8b is pointing into the stack for thread: 0x00007fa6fd030800
RCX=0x0000000105415340: UseMembar+0 in /Library/Java/JavaVirtualMachines/jdk1.8.0_77.jdk/Contents/Home/jre/lib/server/libjvm.dylib at 0x0000000104c00000
RDX=0x0000700001046a8b is pointing into the stack for thread: 0x00007fa6fd030800
RSP=0x00007000010469d0 is pointing into the stack for thread: 0x00007fa6fd030800
RBP=0x00007000010469e0 is pointing into the stack for thread: 0x00007fa6fd030800
RSI=0x00007fa6fd030800 is a thread
RDI=0x00026f69622f6772 is an unknown value
R8 =0x0000000000000001 is an unknown value
R9 =0x00007fa6fca3ca30 is an unknown value
R10=0x000000006821ba96 is an unknown value
R11=0x00007fa6fca00000 is an unknown value
R12=0x00007fa6fd030800 is a thread
R13=0x00026f69622f6772 is an unknown value
R14=0x00026f69622f6772 is an unknown value
R15=0x00007fa6f9f026d0 is an unknown value


Stack: [0x0000700000f47000,0x0000700001047000],  sp=0x00007000010469d0,  free space=1022k
Native frames: (J=compiled Java code, j=interpreted, Vv=VM code, C=native code)
V  [libjvm.dylib+0x4462c8]
V  [libjvm.dylib+0x3552fe]
C  [libjdwp.dylib+0x20780]  isMethodSynthetic+0x63
C  [libjdwp.dylib+0x51f3]  methods1+0x10b
C  [libjdwp.dylib+0x52ec]  methodsWithGeneric+0xe
C  [libjdwp.dylib+0xe898]  debugLoop_run+0x1ce
C  [libjdwp.dylib+0x1f6ba]  attachThread+0x4d
V  [libjvm.dylib+0x39665c]
V  [libjvm.dylib+0x560e03]
V  [libjvm.dylib+0x5624fe]
V  [libjvm.dylib+0x482eda]
C  [libsystem_pthread.dylib+0x399d]  _pthread_body+0x83
C  [libsystem_pthread.dylib+0x391a]  _pthread_body+0x0
C  [libsystem_pthread.dylib+0x1351]  thread_start+0xd
C  0x0000000000000000


---------------  P R O C E S S  ---------------

Java Threads: ( => current thread )
  0x00007fa6fd818000 JavaThread "Service Thread" daemon [_thread_blocked, id=22787, stack(0x000070000165c000,0x000070000175c000)]
  0x00007fa6fd817800 JavaThread "C1 CompilerThread3" daemon [_thread_blocked, id=22275, stack(0x0000700001559000,0x0000700001659000)]
  0x00007fa6fd022000 JavaThread "C2 CompilerThread2" daemon [_thread_blocked, id=21763, stack(0x0000700001456000,0x0000700001556000)]
  0x00007fa6fe002800 JavaThread "C2 CompilerThread1" daemon [_thread_blocked, id=21251, stack(0x0000700001353000,0x0000700001453000)]
  0x00007fa6fe001000 JavaThread "C2 CompilerThread0" daemon [_thread_blocked, id=20739, stack(0x0000700001250000,0x0000700001350000)]
  0x00007fa6fa03f800 JavaThread "JDWP Command Reader" daemon [_thread_in_native, id=20227, stack(0x000070000114d000,0x000070000124d000)]
  0x00007fa6fe000000 JavaThread "JDWP Event Helper Thread" daemon [_thread_blocked, id=19715, stack(0x000070000104a000,0x000070000114a000)]
=>0x00007fa6fd030800 JavaThread "JDWP Transport Listener: dt_socket" daemon [_thread_in_vm, id=19203, stack(0x0000700000f47000,0x0000700001047000)]
  0x00007fa6fd814800 JavaThread "Signal Dispatcher" daemon [_thread_blocked, id=15887, stack(0x0000700000e44000,0x0000700000f44000)]
  0x00007fa6fa03b000 JavaThread "Finalizer" daemon [_thread_blocked, id=14339, stack(0x0000700000c3b000,0x0000700000d3b000)]
  0x00007fa6fa038800 JavaThread "Reference Handler" daemon [_thread_blocked, id=13827, stack(0x0000700000b38000,0x0000700000c38000)]
  0x00007fa6fd001800 JavaThread "main" [_thread_blocked, id=5891, stack(0x000070000011a000,0x000070000021a000)]

Other Threads:
  0x00007fa6fc020000 VMThread [stack: 0x0000700000a35000,0x0000700000b35000] [id=13315]
  0x00007fa6fa004000 WatcherThread [stack: 0x000070000175f000,0x000070000185f000] [id=23299]

VM state:not at safepoint (normal execution)

VM Mutex/Monitor currently owned by a thread: None

Heap:
 PSYoungGen      total 76288K, used 22293K [0x000000076ab00000, 0x0000000770000000, 0x00000007c0000000)
  eden space 65536K, 34% used [0x000000076ab00000,0x000000076c0c5510,0x000000076eb00000)
  from space 10752K, 0% used [0x000000076f580000,0x000000076f580000,0x0000000770000000)
  to   space 10752K, 0% used [0x000000076eb00000,0x000000076eb00000,0x000000076f580000)
 ParOldGen       total 175104K, used 0K [0x00000006c0000000, 0x00000006cab00000, 0x000000076ab00000)
  object space 175104K, 0% used [0x00000006c0000000,0x00000006c0000000,0x00000006cab00000)
 Metaspace       used 7857K, capacity 8084K, committed 8192K, reserved 1056768K
  class space    used 881K, capacity 934K, committed 1024K, reserved 1048576K

Card table byte_map: [0x0000000114f4f000,0x0000000115750000] byte_map_base: 0x000000011194f000

Marking Bits: (ParMarkBitMap*) 0x00000001054e3ea0
 Begin Bits: [0x0000000115ca6000, 0x0000000119ca6000)
 End Bits:   [0x0000000119ca6000, 0x000000011dca6000)

Polling page: 0x0000000103ab4000

CodeCache: size=245760Kb used=1994Kb max_used=1998Kb free=243765Kb
 bounds [0x0000000105b8f000, 0x0000000105dff000, 0x0000000114b8f000]
 total_blobs=633 nmethods=330 adapters=225
 compilation: enabled

Compilation events (10 events):
Event: 0.431 Thread 0x00007fa6fd817800 nmethod 324 0x0000000105d74550 code [0x0000000105d746a0, 0x0000000105d747b0]
Event: 0.431 Thread 0x00007fa6fe001000 nmethod 323 0x0000000105d74810 code [0x0000000105d74960, 0x0000000105d74a38]
Event: 0.431 Thread 0x00007fa6fd817800  328  s!   3       java.net.URLStreamHandler::getHostAddress (54 bytes)
Event: 0.431 Thread 0x00007fa6fd817800 nmethod 328 0x0000000105d776d0 code [0x0000000105d77880, 0x0000000105d77f58]
Event: 0.431 Thread 0x00007fa6fe001000  329  s!   4       sun.misc.URLClassPath::getLoader (197 bytes)
Event: 0.431 Thread 0x00007fa6fd817800  330       3       sun.misc.PerfCounter::increment (6 bytes)
Event: 0.431 Thread 0x00007fa6fd022000 nmethod 325 0x0000000105d741d0 code [0x0000000105d74320, 0x0000000105d74438]
Event: 0.431 Thread 0x00007fa6fd817800 nmethod 330 0x0000000105d78cd0 code [0x0000000105d78e80, 0x0000000105d79598]
Event: 0.486 Thread 0x00007fa6fe001000 nmethod 329 0x0000000105d7d150 code [0x0000000105d7d440, 0x0000000105d7f4f0]
Event: 0.491 Thread 0x00007fa6fe002800 nmethod 327 0x0000000105d80cd0 code [0x0000000105d80fe0, 0x0000000105d82f10]

GC Heap History (0 events):
No events

Deoptimization events (1 events):
Event: 0.404 Thread 0x00007fa6fd001800 Uncommon trap: reason=unstable_if action=reinterpret pc=0x0000000105d646e4 method=sun.misc.MetaIndex.mayContain(Ljava/lang/String;)Z @ 38

Internal exceptions (7 events):
Event: 0.027 Thread 0x00007fa6fd001800 Exception <a 'java/lang/NoSuchMethodError': Method sun.misc.Unsafe.defineClass(Ljava/lang/String;[BII)Ljava/lang/Class; name or signature does not match> (0x000000076ab07cc0) thrown at [/Users/java_re/workspace/8-2-build-macosx-x86_64/jdk8u77/6540/hotspot
Event: 0.027 Thread 0x00007fa6fd001800 Exception <a 'java/lang/NoSuchMethodError': Method sun.misc.Unsafe.prefetchRead(Ljava/lang/Object;J)V name or signature does not match> (0x000000076ab07fa8) thrown at [/Users/java_re/workspace/8-2-build-macosx-x86_64/jdk8u77/6540/hotspot/src/share/vm/prim
Event: 0.142 Thread 0x00007fa6fd001800 Exception <a 'java/io/FileNotFoundException'> (0x000000076aee6df8) thrown at [/Users/java_re/workspace/8-2-build-macosx-x86_64/jdk8u77/6540/hotspot/src/share/vm/prims/jni.cpp, line 709]
Event: 0.165 Thread 0x00007fa6fd001800 Exception <a 'java/security/PrivilegedActionException'> (0x000000076af307b0) thrown at [/Users/java_re/workspace/8-2-build-macosx-x86_64/jdk8u77/6540/hotspot/src/share/vm/prims/jvm.cpp, line 1386]
Event: 0.165 Thread 0x00007fa6fd001800 Exception <a 'java/security/PrivilegedActionException'> (0x000000076af309c0) thrown at [/Users/java_re/workspace/8-2-build-macosx-x86_64/jdk8u77/6540/hotspot/src/share/vm/prims/jvm.cpp, line 1386]
Event: 0.166 Thread 0x00007fa6fd001800 Exception <a 'java/security/PrivilegedActionException'> (0x000000076af33c60) thrown at [/Users/java_re/workspace/8-2-build-macosx-x86_64/jdk8u77/6540/hotspot/src/share/vm/prims/jvm.cpp, line 1386]
Event: 0.166 Thread 0x00007fa6fd001800 Exception <a 'java/security/PrivilegedActionException'> (0x000000076af33e70) thrown at [/Users/java_re/workspace/8-2-build-macosx-x86_64/jdk8u77/6540/hotspot/src/share/vm/prims/jvm.cpp, line 1386]

Events (10 events):
Event: 476.763 Executing VM operation: ChangeBreakpoints
Event: 476.763 Executing VM operation: ChangeBreakpoints done
Event: 476.764 Executing VM operation: ChangeBreakpoints
Event: 476.764 Executing VM operation: ChangeBreakpoints done
Event: 476.765 Executing VM operation: ChangeBreakpoints
Event: 476.765 Executing VM operation: ChangeBreakpoints done
Event: 476.768 Executing VM operation: RedefineClasses
Event: 476.772 Executing VM operation: RedefineClasses done
Event: 476.775 Executing VM operation: GetOrSetLocal
Event: 476.775 Executing VM operation: GetOrSetLocal done


Dynamic libraries:
0x0000000004e8e000 	/System/Library/Frameworks/Cocoa.framework/Versions/A/Cocoa
0x0000000004e8e000 	/System/Library/Frameworks/Security.framework/Versions/A/Security
0x0000000004e8e000 	/System/Library/Frameworks/ApplicationServices.framework/Versions/A/ApplicationServices
0x0000000004e8e000 	/usr/lib/libz.1.dylib
0x0000000004e8e000 	/usr/lib/libSystem.B.dylib
0x0000000004e8e000 	/usr/lib/libobjc.A.dylib
0x0000000004e8e000 	/System/Library/Frameworks/CoreFoundation.framework/Versions/A/CoreFoundation
0x0000000004e8e000 	/System/Library/Frameworks/Foundation.framework/Versions/C/Foundation
0x0000000004e8e000 	/System/Library/Frameworks/AppKit.framework/Versions/C/AppKit
0x0000000004e8e000 	/System/Library/Frameworks/CoreData.framework/Versions/A/CoreData
0x0000000004e8e000 	/System/Library/PrivateFrameworks/RemoteViewServices.framework/Versions/A/RemoteViewServices
0x0000000004e8e000 	/System/Library/PrivateFrameworks/UIFoundation.framework/Versions/A/UIFoundation
0x0000000004e8e000 	/usr/lib/libScreenReader.dylib
0x0000000004e8e000 	/System/Library/Frameworks/Accelerate.framework/Versions/A/Accelerate
0x0000000004e8e000 	/System/Library/Frameworks/IOSurface.framework/Versions/A/IOSurface
0x0000000004e8e000 	/System/Library/Frameworks/AudioToolbox.framework/Versions/A/AudioToolbox
0x0000000004e8e000 	/System/Library/Frameworks/AudioUnit.framework/Versions/A/AudioUnit
0x0000000004e8e000 	/System/Library/PrivateFrameworks/DataDetectorsCore.framework/Versions/A/DataDetectorsCore
0x0000000004e8e000 	/System/Library/PrivateFrameworks/DesktopServicesPriv.framework/Versions/A/DesktopServicesPriv
0x0000000004e8e000 	/System/Library/Frameworks/Carbon.framework/Versions/A/Frameworks/HIToolbox.framework/Versions/A/HIToolbox
0x0000000004e8e000 	/System/Library/Frameworks/QuartzCore.framework/Versions/A/QuartzCore
0x0000000004e8e000 	/System/Library/Frameworks/Carbon.framework/Versions/A/Frameworks/SpeechRecognition.framework/Versions/A/SpeechRecognition
0x0000000004e8e000 	/usr/lib/libauto.dylib
0x0000000004e8e000 	/usr/lib/libicucore.A.dylib
0x0000000004e8e000 	/usr/lib/libxml2.2.dylib
0x0000000004e8e000 	/System/Library/PrivateFrameworks/CoreUI.framework/Versions/A/CoreUI
0x0000000004e8e000 	/System/Library/Frameworks/CoreAudio.framework/Versions/A/CoreAudio
0x0000000004e8e000 	/System/Library/Frameworks/DiskArbitration.framework/Versions/A/DiskArbitration
0x0000000004e8e000 	/usr/lib/liblangid.dylib
0x0000000004e8e000 	/System/Library/PrivateFrameworks/MultitouchSupport.framework/Versions/A/MultitouchSupport
0x0000000004e8e000 	/System/Library/Frameworks/IOKit.framework/Versions/A/IOKit
0x0000000004e8e000 	/usr/lib/libDiagnosticMessagesClient.dylib
0x0000000004e8e000 	/System/Library/Frameworks/CoreServices.framework/Versions/A/CoreServices
0x0000000004e8e000 	/System/Library/PrivateFrameworks/PerformanceAnalysis.framework/Versions/A/PerformanceAnalysis
0x0000000004e8e000 	/System/Library/PrivateFrameworks/GenerationalStorage.framework/Versions/A/GenerationalStorage
0x0000000004e8e000 	/System/Library/Frameworks/OpenGL.framework/Versions/A/OpenGL
0x0000000004e8e000 	/System/Library/PrivateFrameworks/Sharing.framework/Versions/A/Sharing
0x0000000004e8e000 	/System/Library/Frameworks/CoreGraphics.framework/Versions/A/CoreGraphics
0x0000000004e8e000 	/System/Library/Frameworks/CoreImage.framework/Versions/A/CoreImage
0x0000000004e8e000 	/System/Library/Frameworks/CoreText.framework/Versions/A/CoreText
0x0000000004e8e000 	/System/Library/Frameworks/ImageIO.framework/Versions/A/ImageIO
0x0000000004e8e000 	/System/Library/PrivateFrameworks/Backup.framework/Versions/A/Backup
0x0000000004e8e000 	/usr/lib/libextension.dylib
0x0000000004e8e000 	/usr/lib/libarchive.2.dylib
0x0000000004e8e000 	/System/Library/Frameworks/CFNetwork.framework/Versions/A/CFNetwork
0x0000000004e8e000 	/System/Library/Frameworks/SystemConfiguration.framework/Versions/A/SystemConfiguration
0x0000000004e8e000 	/usr/lib/libCRFSuite.dylib
0x0000000004e8e000 	/usr/lib/libc++.1.dylib
0x0000000004e8e000 	/usr/lib/libc++abi.dylib
0x0000000004e8e000 	/usr/lib/system/libcache.dylib
0x0000000004e8e000 	/usr/lib/system/libcommonCrypto.dylib
0x0000000004e8e000 	/usr/lib/system/libcompiler_rt.dylib
0x0000000004e8e000 	/usr/lib/system/libcopyfile.dylib
0x0000000004e8e000 	/usr/lib/system/libcorecrypto.dylib
0x0000000004e8e000 	/usr/lib/system/libdispatch.dylib
0x0000000004e8e000 	/usr/lib/system/libdyld.dylib
0x0000000004e8e000 	/usr/lib/system/libkeymgr.dylib
0x0000000004e8e000 	/usr/lib/system/liblaunch.dylib
0x0000000004e8e000 	/usr/lib/system/libmacho.dylib
0x0000000004e8e000 	/usr/lib/system/libquarantine.dylib
0x0000000004e8e000 	/usr/lib/system/libremovefile.dylib
0x0000000004e8e000 	/usr/lib/system/libsystem_asl.dylib
0x0000000004e8e000 	/usr/lib/system/libsystem_blocks.dylib
0x0000000004e8e000 	/usr/lib/system/libsystem_c.dylib
0x0000000004e8e000 	/usr/lib/system/libsystem_configuration.dylib
0x0000000004e8e000 	/usr/lib/system/libsystem_coreservices.dylib
0x0000000004e8e000 	/usr/lib/system/libsystem_coretls.dylib
0x0000000004e8e000 	/usr/lib/system/libsystem_dnssd.dylib
0x0000000004e8e000 	/usr/lib/system/libsystem_info.dylib
0x0000000004e8e000 	/usr/lib/system/libsystem_kernel.dylib
0x0000000004e8e000 	/usr/lib/system/libsystem_m.dylib
0x0000000004e8e000 	/usr/lib/system/libsystem_malloc.dylib
0x0000000004e8e000 	/usr/lib/system/libsystem_network.dylib
0x0000000004e8e000 	/usr/lib/system/libsystem_networkextension.dylib
0x0000000004e8e000 	/usr/lib/system/libsystem_notify.dylib
0x0000000004e8e000 	/usr/lib/system/libsystem_platform.dylib
0x0000000004e8e000 	/usr/lib/system/libsystem_pthread.dylib
0x0000000004e8e000 	/usr/lib/system/libsystem_sandbox.dylib
0x0000000004e8e000 	/usr/lib/system/libsystem_secinit.dylib
0x0000000004e8e000 	/usr/lib/system/libsystem_trace.dylib
0x0000000004e8e000 	/usr/lib/system/libunc.dylib
0x0000000004e8e000 	/usr/lib/system/libunwind.dylib
0x0000000004e8e000 	/usr/lib/system/libxpc.dylib
0x0000000004e8e000 	/usr/lib/libenergytrace.dylib
0x0000000004e8e000 	/usr/lib/libbsm.0.dylib
0x0000000004e8e000 	/usr/lib/system/libkxld.dylib
0x0000000004e8e000 	/usr/lib/libxar.1.dylib
0x0000000004e8e000 	/usr/lib/libsqlite3.dylib
0x0000000004e8e000 	/usr/lib/libpam.2.dylib
0x0000000004e8e000 	/usr/lib/libOpenScriptingUtil.dylib
0x0000000004e8e000 	/usr/lib/libbz2.1.0.dylib
0x0000000004e8e000 	/usr/lib/liblzma.5.dylib
0x0000000004e8e000 	/System/Library/Frameworks/CoreServices.framework/Versions/A/Frameworks/FSEvents.framework/Versions/A/FSEvents
0x0000000004e8e000 	/System/Library/Frameworks/CoreServices.framework/Versions/A/Frameworks/CarbonCore.framework/Versions/A/CarbonCore
0x0000000004e8e000 	/System/Library/Frameworks/CoreServices.framework/Versions/A/Frameworks/Metadata.framework/Versions/A/Metadata
0x0000000004e8e000 	/System/Library/Frameworks/CoreServices.framework/Versions/A/Frameworks/OSServices.framework/Versions/A/OSServices
0x0000000004e8e000 	/System/Library/Frameworks/CoreServices.framework/Versions/A/Frameworks/SearchKit.framework/Versions/A/SearchKit
0x0000000004e8e000 	/System/Library/Frameworks/CoreServices.framework/Versions/A/Frameworks/AE.framework/Versions/A/AE
0x0000000004e8e000 	/System/Library/Frameworks/CoreServices.framework/Versions/A/Frameworks/LaunchServices.framework/Versions/A/LaunchServices
0x0000000004e8e000 	/System/Library/Frameworks/CoreServices.framework/Versions/A/Frameworks/DictionaryServices.framework/Versions/A/DictionaryServices
0x0000000004e8e000 	/System/Library/Frameworks/CoreServices.framework/Versions/A/Frameworks/SharedFileList.framework/Versions/A/SharedFileList
0x0000000004e8e000 	/System/Library/Frameworks/NetFS.framework/Versions/A/NetFS
0x0000000004e8e000 	/System/Library/PrivateFrameworks/NetAuth.framework/Versions/A/NetAuth
0x0000000004e8e000 	/System/Library/PrivateFrameworks/login.framework/Versions/A/Frameworks/loginsupport.framework/Versions/A/loginsupport
0x0000000004e8e000 	/System/Library/PrivateFrameworks/TCC.framework/Versions/A/TCC
0x0000000004e8e000 	/usr/lib/libmecabra.dylib
0x0000000004e8e000 	/System/Library/Frameworks/ApplicationServices.framework/Versions/A/Frameworks/ATS.framework/Versions/A/ATS
0x0000000004e8e000 	/System/Library/Frameworks/ApplicationServices.framework/Versions/A/Frameworks/ColorSync.framework/Versions/A/ColorSync
0x0000000004e8e000 	/System/Library/Frameworks/ApplicationServices.framework/Versions/A/Frameworks/HIServices.framework/Versions/A/HIServices
0x0000000004e8e000 	/System/Library/Frameworks/ApplicationServices.framework/Versions/A/Frameworks/LangAnalysis.framework/Versions/A/LangAnalysis
0x0000000004e8e000 	/System/Library/Frameworks/ApplicationServices.framework/Versions/A/Frameworks/PrintCore.framework/Versions/A/PrintCore
0x0000000004e8e000 	/System/Library/Frameworks/ApplicationServices.framework/Versions/A/Frameworks/QD.framework/Versions/A/QD
0x0000000004e8e000 	/System/Library/Frameworks/ApplicationServices.framework/Versions/A/Frameworks/SpeechSynthesis.framework/Versions/A/SpeechSynthesis
0x0000000004e8e000 	/System/Library/Frameworks/Metal.framework/Versions/A/Metal
0x0000000004e8e000 	/System/Library/Frameworks/Accelerate.framework/Versions/A/Frameworks/vImage.framework/Versions/A/vImage
0x0000000004e8e000 	/System/Library/Frameworks/Accelerate.framework/Versions/A/Frameworks/vecLib.framework/Versions/A/vecLib
0x0000000004e8e000 	/System/Library/Frameworks/Accelerate.framework/Versions/A/Frameworks/vecLib.framework/Versions/A/libvDSP.dylib
0x0000000004e8e000 	/System/Library/Frameworks/Accelerate.framework/Versions/A/Frameworks/vecLib.framework/Versions/A/libvMisc.dylib
0x0000000004e8e000 	/System/Library/Frameworks/Accelerate.framework/Versions/A/Frameworks/vecLib.framework/Versions/A/libLAPACK.dylib
0x0000000004e8e000 	/System/Library/Frameworks/Accelerate.framework/Versions/A/Frameworks/vecLib.framework/Versions/A/libBLAS.dylib
0x0000000004e8e000 	/System/Library/Frameworks/Accelerate.framework/Versions/A/Frameworks/vecLib.framework/Versions/A/libLinearAlgebra.dylib
0x0000000004e8e000 	/System/Library/Frameworks/Accelerate.framework/Versions/A/Frameworks/vecLib.framework/Versions/A/libSparseBLAS.dylib
0x0000000004e8e000 	/System/Library/PrivateFrameworks/GPUCompiler.framework/libmetal_timestamp.dylib
0x0000000004e8e000 	/System/Library/Frameworks/OpenGL.framework/Versions/A/Libraries/libCoreFSCache.dylib
0x0000000004e8e000 	/System/Library/PrivateFrameworks/IOAccelerator.framework/Versions/A/IOAccelerator
0x0000000004e8e000 	/System/Library/Frameworks/ApplicationServices.framework/Versions/A/Frameworks/ATS.framework/Versions/A/Resources/libFontParser.dylib
0x0000000004e8e000 	/System/Library/Frameworks/ApplicationServices.framework/Versions/A/Frameworks/ATS.framework/Versions/A/Resources/libFontRegistry.dylib
0x0000000004e8e000 	/System/Library/PrivateFrameworks/AppleVPA.framework/Versions/A/AppleVPA
0x0000000004e8e000 	/System/Library/PrivateFrameworks/AppleJPEG.framework/Versions/A/AppleJPEG
0x0000000004e8e000 	/System/Library/Frameworks/ImageIO.framework/Versions/A/Resources/libJPEG.dylib
0x0000000004e8e000 	/System/Library/Frameworks/ImageIO.framework/Versions/A/Resources/libTIFF.dylib
0x0000000004e8e000 	/System/Library/Frameworks/ImageIO.framework/Versions/A/Resources/libPng.dylib
0x0000000004e8e000 	/System/Library/Frameworks/ImageIO.framework/Versions/A/Resources/libGIF.dylib
0x0000000004e8e000 	/System/Library/Frameworks/ImageIO.framework/Versions/A/Resources/libJP2.dylib
0x0000000004e8e000 	/System/Library/Frameworks/ImageIO.framework/Versions/A/Resources/libRadiance.dylib
0x0000000004e8e000 	/System/Library/Frameworks/CoreVideo.framework/Versions/A/CoreVideo
0x0000000004e8e000 	/System/Library/Frameworks/OpenGL.framework/Versions/A/Libraries/libGLU.dylib
0x0000000004e8e000 	/System/Library/Frameworks/OpenGL.framework/Versions/A/Libraries/libGFXShared.dylib
0x0000000004e8e000 	/System/Library/Frameworks/OpenGL.framework/Versions/A/Libraries/libGL.dylib
0x0000000004e8e000 	/System/Library/Frameworks/OpenGL.framework/Versions/A/Libraries/libGLImage.dylib
0x0000000004e8e000 	/System/Library/Frameworks/OpenGL.framework/Versions/A/Libraries/libCVMSPluginSupport.dylib
0x0000000004e8e000 	/System/Library/Frameworks/OpenGL.framework/Versions/A/Libraries/libCoreVMClient.dylib
0x0000000004e8e000 	/usr/lib/libcups.2.dylib
0x0000000004e8e000 	/System/Library/Frameworks/Kerberos.framework/Versions/A/Kerberos
0x0000000004e8e000 	/System/Library/Frameworks/GSS.framework/Versions/A/GSS
0x0000000004e8e000 	/usr/lib/libresolv.9.dylib
0x0000000004e8e000 	/usr/lib/libiconv.2.dylib
0x0000000004e8e000 	/System/Library/PrivateFrameworks/Heimdal.framework/Versions/A/Heimdal
0x0000000004e8e000 	/usr/lib/libheimdal-asn1.dylib
0x0000000004e8e000 	/System/Library/Frameworks/OpenDirectory.framework/Versions/A/OpenDirectory
0x0000000004e8e000 	/System/Library/PrivateFrameworks/CommonAuth.framework/Versions/A/CommonAuth
0x0000000004e8e000 	/System/Library/Frameworks/OpenDirectory.framework/Versions/A/Frameworks/CFOpenDirectory.framework/Versions/A/CFOpenDirectory
0x0000000004e8e000 	/System/Library/Frameworks/SecurityFoundation.framework/Versions/A/SecurityFoundation
0x0000000004e8e000 	/System/Library/PrivateFrameworks/LanguageModeling.framework/Versions/A/LanguageModeling
0x0000000004e8e000 	/usr/lib/libmarisa.dylib
0x0000000004e8e000 	/usr/lib/libChineseTokenizer.dylib
0x0000000004e8e000 	/usr/lib/libcmph.dylib
0x0000000004e8e000 	/usr/lib/libcompression.dylib
0x0000000004e8e000 	/System/Library/Frameworks/ServiceManagement.framework/Versions/A/ServiceManagement
0x0000000004e8e000 	/usr/lib/libxslt.1.dylib
0x0000000004e8e000 	/System/Library/Frameworks/Carbon.framework/Versions/A/Frameworks/Ink.framework/Versions/A/Ink
0x0000000004e8e000 	/usr/lib/libFosl_dynamic.dylib
0x0000000004e8e000 	/System/Library/PrivateFrameworks/FaceCore.framework/Versions/A/FaceCore
0x0000000004e8e000 	/System/Library/Frameworks/OpenCL.framework/Versions/A/OpenCL
0x0000000004e8e000 	/System/Library/PrivateFrameworks/CrashReporterSupport.framework/Versions/A/CrashReporterSupport
0x0000000004e8e000 	/System/Library/PrivateFrameworks/IconServices.framework/Versions/A/IconServices
0x0000000004e8e000 	/System/Library/PrivateFrameworks/Apple80211.framework/Versions/A/Apple80211
0x0000000004e8e000 	/System/Library/Frameworks/CoreWLAN.framework/Versions/A/CoreWLAN
0x0000000004e8e000 	/System/Library/Frameworks/IOBluetooth.framework/Versions/A/IOBluetooth
0x0000000004e8e000 	/System/Library/PrivateFrameworks/CoreWiFi.framework/Versions/A/CoreWiFi
0x0000000004e8e000 	/System/Library/Frameworks/CoreBluetooth.framework/Versions/A/CoreBluetooth
0x0000000004e8e000 	/System/Library/PrivateFrameworks/ChunkingLibrary.framework/Versions/A/ChunkingLibrary
0x0000000004e8e000 	/System/Library/PrivateFrameworks/DebugSymbols.framework/Versions/A/DebugSymbols
0x0000000004e8e000 	/System/Library/PrivateFrameworks/CoreSymbolication.framework/Versions/A/CoreSymbolication
0x0000000004e8e000 	/System/Library/PrivateFrameworks/Symbolication.framework/Versions/A/Symbolication
0x0000000004e8e000 	/System/Library/PrivateFrameworks/SpeechRecognitionCore.framework/Versions/A/SpeechRecognitionCore
0x0000000104c00000 	/Library/Java/JavaVirtualMachines/jdk1.8.0_77.jdk/Contents/Home/jre/lib/server/libjvm.dylib
0x0000000004e8e000 	/usr/lib/libstdc++.6.dylib
0x0000000103a71000 	/Library/Java/JavaVirtualMachines/jdk1.8.0_77.jdk/Contents/Home/jre/lib/libverify.dylib
0x0000000103a7f000 	/Library/Java/JavaVirtualMachines/jdk1.8.0_77.jdk/Contents/Home/jre/lib/libjava.dylib
0x0000000103ab5000 	/Library/Java/JavaVirtualMachines/jdk1.8.0_77.jdk/Contents/Home/jre/lib/libjdwp.dylib
0x0000000103b00000 	/Library/Java/JavaVirtualMachines/jdk1.8.0_77.jdk/Contents/Home/jre/lib/libnpt.dylib
0x0000000103b0d000 	/Library/Java/JavaVirtualMachines/jdk1.8.0_77.jdk/Contents/Home/jre/lib/libzip.dylib
0x0000000120b71000 	/System/Library/Frameworks/JavaVM.framework/Frameworks/JavaRuntimeSupport.framework/JavaRuntimeSupport
0x0000000103bea000 	/System/Library/Frameworks/JavaVM.framework/Versions/A/Frameworks/JavaNativeFoundation.framework/Versions/A/JavaNativeFoundation
0x0000000120b8c000 	/System/Library/Frameworks/JavaVM.framework/Versions/A/JavaVM
0x0000000004e8e000 	/System/Library/Frameworks/Carbon.framework/Versions/A/Carbon
0x0000000120b99000 	/System/Library/PrivateFrameworks/JavaLaunching.framework/Versions/A/JavaLaunching
0x0000000004e8e000 	/System/Library/Frameworks/Carbon.framework/Versions/A/Frameworks/CommonPanels.framework/Versions/A/CommonPanels
0x0000000004e8e000 	/System/Library/Frameworks/Carbon.framework/Versions/A/Frameworks/Help.framework/Versions/A/Help
0x0000000004e8e000 	/System/Library/Frameworks/Carbon.framework/Versions/A/Frameworks/ImageCapture.framework/Versions/A/ImageCapture
0x0000000004e8e000 	/System/Library/Frameworks/Carbon.framework/Versions/A/Frameworks/OpenScripting.framework/Versions/A/OpenScripting
0x0000000004e8e000 	/System/Library/Frameworks/Carbon.framework/Versions/A/Frameworks/Print.framework/Versions/A/Print
0x0000000004e8e000 	/System/Library/Frameworks/Carbon.framework/Versions/A/Frameworks/SecurityHI.framework/Versions/A/SecurityHI
0x00000001224bb000 	/Library/Java/JavaVirtualMachines/jdk1.8.0_77.jdk/Contents/Home/jre/lib/libdt_socket.dylib
0x00000001229e9000 	/Library/Java/JavaVirtualMachines/jdk1.8.0_77.jdk/Contents/Home/jre/lib/libnio.dylib
0x00000001229f9000 	/Library/Java/JavaVirtualMachines/jdk1.8.0_77.jdk/Contents/Home/jre/lib/./libnet.dylib

VM Arguments:
jvm_args: -agentlib:jdwp=transport=dt_socket,address=127.0.0.1:49456,suspend=y,server=n -ea -Didea.junit.sm_runner -Dfile.encoding=UTF-8 
java_command: com.intellij.rt.execution.junit.JUnitStarter -ideVersion5 io.BiojavaReaderTest
java_class_path (initial): /Applications/IntelliJ IDEA CE.app/Contents/lib/idea_rt.jar:/Applications/IntelliJ IDEA CE.app/Contents/plugins/junit/lib/junit-rt.jar:/Library/Java/JavaVirtualMachines/jdk1.8.0_77.jdk/Contents/Home/jre/lib/charsets.jar:/Library/Java/JavaVirtualMachines/jdk1.8.0_77.jdk/Contents/Home/jre/lib/deploy.jar:/Library/Java/JavaVirtualMachines/jdk1.8.0_77.jdk/Contents/Home/jre/lib/ext/cldrdata.jar:/Library/Java/JavaVirtualMachines/jdk1.8.0_77.jdk/Contents/Home/jre/lib/ext/dnsns.jar:/Library/Java/JavaVirtualMachines/jdk1.8.0_77.jdk/Contents/Home/jre/lib/ext/jaccess.jar:/Library/Java/JavaVirtualMachines/jdk1.8.0_77.jdk/Contents/Home/jre/lib/ext/jfxrt.jar:/Library/Java/JavaVirtualMachines/jdk1.8.0_77.jdk/Contents/Home/jre/lib/ext/localedata.jar:/Library/Java/JavaVirtualMachines/jdk1.8.0_77.jdk/Contents/Home/jre/lib/ext/nashorn.jar:/Library/Java/JavaVirtualMachines/jdk1.8.0_77.jdk/Contents/Home/jre/lib/ext/sunec.jar:/Library/Java/JavaVirtualMachines/jdk1.8.0_77.jdk/Contents/Home/jre/lib/ext/sunjce_provider.jar:/Library/Java/JavaVirtualMachines/jdk1.8.0_77.jdk/Contents/Home/jre/lib/ext/sunpkcs11.jar:/Library/Java/JavaVirtualMachines/jdk1.8.0_77.jdk/Contents/Home/jre/lib/ext/zipfs.jar:/Library/Java/JavaVirtualMachines/jdk1.8.0_77.jdk/Contents/Home/jre/lib/javaws.jar:/Library/Java/JavaVirtualMachines/jdk1.8.0_77.jdk/Contents/Home/jre/lib/jce.jar:/Library/Java/JavaVirtualMachines/jdk1.8.0_77.jdk/Contents/Home/jre/lib/jfr.jar:/Library/Java/JavaVirtualMachines/jdk1.8.0_77.jdk/Contents/Home/jre/lib/jfxswt.jar:/Library/Java/JavaVirtualMachines/jdk1.8.0_77.jdk/Contents/Home/jre/lib/jsse.jar:/Library/Java/JavaVirtualMachines/jdk1.8.0_77.jdk/Contents/Home/jre/lib/management-agent.jar:/Library/Java/JavaVirtualMachines/jdk1.8.0_77.jdk/Contents/Home/jre/lib/plugin.jar:/Library/Java/JavaVirtualMachines/jdk1.8.0_77.jdk/Contents/Home/jre/lib/resources.jar:/Library/Java/JavaVirtualMachines/jdk1.8.0_77.jdk/Contents/Home/jre/lib/rt.jar:/Library/Java/JavaVirtualMachines/
Launcher Type: SUN_STANDARD

Environment Variables:
PATH=/usr/local/bin:/usr/bin:/bin:/usr/sbin:/sbin:/usr/local/git/bin
SHELL=/bin/bash

Signal Handlers:
SIGSEGV: [libjvm.dylib+0x5a6855], sa_mask[0]=11111111011111110111111111111111, sa_flags=SA_ONSTACK|SA_RESTART|SA_SIGINFO
SIGBUS: [libjvm.dylib+0x5a6855], sa_mask[0]=11111111011111110111111111111111, sa_flags=SA_RESTART|SA_SIGINFO
SIGFPE: [libjvm.dylib+0x4804ec], sa_mask[0]=11111111011111110111111111111111, sa_flags=SA_RESTART|SA_SIGINFO
SIGPIPE: [libjvm.dylib+0x4804ec], sa_mask[0]=11111111011111110111111111111111, sa_flags=SA_RESTART|SA_SIGINFO
SIGXFSZ: [libjvm.dylib+0x4804ec], sa_mask[0]=11111111011111110111111111111111, sa_flags=SA_RESTART|SA_SIGINFO
SIGILL: [libjvm.dylib+0x4804ec], sa_mask[0]=11111111011111110111111111111111, sa_flags=SA_RESTART|SA_SIGINFO
SIGUSR1: SIG_DFL, sa_mask[0]=00000000000000000000000000000000, sa_flags=none
SIGUSR2: [libjvm.dylib+0x48000a], sa_mask[0]=00100000000000000000000000000000, sa_flags=SA_RESTART|SA_SIGINFO
SIGHUP: [libjvm.dylib+0x47e5e1], sa_mask[0]=11111111011111110111111111111111, sa_flags=SA_RESTART|SA_SIGINFO
SIGINT: [libjvm.dylib+0x47e5e1], sa_mask[0]=11111111011111110111111111111111, sa_flags=SA_RESTART|SA_SIGINFO
SIGTERM: [libjvm.dylib+0x47e5e1], sa_mask[0]=11111111011111110111111111111111, sa_flags=SA_RESTART|SA_SIGINFO
SIGQUIT: [libjvm.dylib+0x47e5e1], sa_mask[0]=11111111011111110111111111111111, sa_flags=SA_RESTART|SA_SIGINFO


---------------  S Y S T E M  ---------------

OS:Bsduname:Darwin 15.4.0 Darwin Kernel Version 15.4.0: Fri Feb 26 22:08:05 PST 2016; root:xnu-3248.40.184~3/RELEASE_X86_64 x86_64
rlimit: STACK 8192k, CORE 0k, NPROC 709, NOFILE 10240, AS infinity
load average:5.58 4.53 3.44

CPU:total 8 (4 cores per cpu, 2 threads per core) family 6 model 70 stepping 1, cmov, cx8, fxsr, mmx, sse, sse2, sse3, ssse3, sse4.1, sse4.2, popcnt, avx, avx2, aes, clmul, erms, lzcnt, ht, tsc, tscinvbit, bmi1, bmi2

Memory: 4k page, physical 16777216k(236260k free)

/proc/meminfo:


vm_info: Java HotSpot(TM) 64-Bit Server VM (25.77-b03) for bsd-amd64 JRE (1.8.0_77-b03), built on Mar 20 2016 22:14:03 by "java_re" with gcc 4.2.1 (Based on Apple Inc. build 5658) (LLVM build 2336.11.00)

time: Mon Sep  5 21:41:27 2016
elapsed time: 476 seconds (0d 0h 7m 56s)

